#
# A fatal error has been detected by the Java Runtime Environment:
#
#  EXCEPTION_ACCESS_VIOLATION (0xc0000005) at pc=0x00007ffbfc382490, pid=5468, tid=7928
#
# JRE version: OpenJDK Runtime Environment (11.0.12+7) (build 11.0.12+7-b1504.28-7817840)
# Java VM: OpenJDK 64-Bit Server VM (11.0.12+7-b1504.28-7817840, mixed mode, tiered, compressed oops, g1 gc, windows-amd64)
# Problematic frame:
# C  [nvoglv64.dll+0x17c2490]
#
# No core dump will be written. Minidumps are not enabled by default on client versions of Windows
#
# If you would like to submit a bug report, please visit:
#   https://bugreport.java.com/bugreport/crash.jsp
# The crash happened outside the Java Virtual Machine in native code.
# See problematic frame for where to report the bug.
#

---------------  S U M M A R Y ------------

Command Line: -javaagent:C:\Program Files\Android\Android Studio\lib\idea_rt.jar=62214:C:\Program Files\Android\Android Studio\bin -Dfile.encoding=UTF-8 com.bura.desktop.MainKt

Host: AMD Ryzen 5 2600 Six-Core Processor            , 12 cores, 15G,  Windows 10 , 64 bit Build 19041 (10.0.19041.2251)
Time: Mon Dec 12 21:16:43 2022 Støední Evropa (bìžný èas) elapsed time: 0.712628 seconds (0d 0h 0m 0s)

---------------  T H R E A D  ---------------

Current thread (0x000001e5efd6e000):  JavaThread "main" [_thread_in_native, id=7928, stack(0x0000002843800000,0x0000002843900000)]

Stack: [0x0000002843800000,0x0000002843900000],  sp=0x00000028438fefa8,  free space=1019k
Native frames: (J=compiled Java code, j=interpreted, Vv=VM code, C=native code)
C  [nvoglv64.dll+0x17c2490]

Java frames: (J=compiled Java code, j=interpreted, Vv=VM code)
j  org.lwjgl.opengles.GLES20.nglTexImage2D(IIIIIIIIJ)V+0
j  org.lwjgl.opengles.GLES20.glTexImage2D(IIIIIIIILjava/nio/ByteBuffer;)V+17
j  com.bura.desktop.util.LwjglTextureUtil.loadTexture(Ljava/lang/String;)I+141
j  com.bura.desktop.util.LwjglTextureUtil.createTextures()V+10
j  com.bura.common.engine.Engine.createObjects()V+19
j  com.bura.desktop.WindowUtil.init()V+374
j  com.bura.desktop.WindowUtil.setup()V+1
j  com.bura.desktop.MainKt.main()V+9
j  com.bura.desktop.MainKt.main([Ljava/lang/String;)V+0
v  ~StubRoutines::call_stub

siginfo: EXCEPTION_ACCESS_VIOLATION (0xc0000005), reading address 0x000001e5978c6000


Register to memory mapping:

RIP=0x00007ffbfc382490 nvoglv64.dll
RAX=0x0 is NULL
RBX=0x000001e590dc69fc points into unknown readable memory: 00 00 00 00
RCX=0x000001e590dcbb10 points into unknown readable memory: 0x0000000000000000 | 00 00 00 00 00 00 00 00
RDX=0x0000000006afa544 is an unknown value
RSP=0x00000028438fefa8 is pointing into the stack for thread: 0x000001e5efd6e000
RBP=0x0000000000001908 is an unknown value
RSI=0x0000000000009c40 is an unknown value
RDI=0x000001e592b9f080 points into unknown readable memory: 0x0000000000000000 | 00 00 00 00 00 00 00 00
R8 =0x0000000000009c2c is an unknown value
R9 =0x0000000000000097 is an unknown value
R10=0x000001e5978c0f40 points into unknown readable memory: 0x0000000000000000 | 00 00 00 00 00 00 00 00
R11=0x000001e590dc69fc points into unknown readable memory: 00 00 00 00
R12=0x0000000000001908 is an unknown value
R13=0x000001e5978c0f40 points into unknown readable memory: 0x0000000000000000 | 00 00 00 00 00 00 00 00
R14=0x0000000000000de1 is an unknown value
R15=0x0000000000001401 is an unknown value


Registers:
RAX=0x0000000000000000, RBX=0x000001e590dc69fc, RCX=0x000001e590dcbb10, RDX=0x0000000006afa544
RSP=0x00000028438fefa8, RBP=0x0000000000001908, RSI=0x0000000000009c40, RDI=0x000001e592b9f080
R8 =0x0000000000009c2c, R9 =0x0000000000000097, R10=0x000001e5978c0f40, R11=0x000001e590dc69fc
R12=0x0000000000001908, R13=0x000001e5978c0f40, R14=0x0000000000000de1, R15=0x0000000000001401
RIP=0x00007ffbfc382490, EFLAGS=0x0000000000010202

Top of Stack: (sp=0x00000028438fefa8)
0x00000028438fefa8:   00007ffbfba47a5e 0000000000000064
0x00000028438fefb8:   0000000000000000 0000000000000de1
0x00000028438fefc8:   0000000000000064 000001e500000000
0x00000028438fefd8:   0000000000001908 00000ca500001401
0x00000028438fefe8:   000001e5978c0f40 000001e5efd6e000
0x00000028438feff8:   00000028438ff218 000001e59192cb50
0x00000028438ff008:   0000000000000000 0000000000001908
0x00000028438ff018:   0000000000000000 0000000000000de1
0x00000028438ff028:   00007ffc0168605a 0000000000000064
0x00000028438ff038:   00007ffb00000000 000001e5eda9f590
0x00000028438ff048:   00007ffb00000064 000001e500000064
0x00000028438ff058:   000001e500000000 0000002800001908
0x00000028438ff068:   000001e500001401 000001e5978c0f40
0x00000028438ff078:   00007ffbe3bf67bb 0000000000000140
0x00000028438ff088:   00007ffbe7e244a5 0000000000000de1
0x00000028438ff098:   00000028438ff1b0 000001e5978c0f40 

Instructions: (pc=0x00007ffbfc382490)
0x00007ffbfc382390:   89 40 04 44 88 48 06 c3 4c 8b 02 8b 4a 08 44 0f
0x00007ffbfc3823a0:   b6 4a 0c 4c 89 00 89 48 08 44 88 48 0c c3 66 90
0x00007ffbfc3823b0:   4c 8b 02 0f b6 4a 08 4c 89 00 88 48 08 c3 66 90
0x00007ffbfc3823c0:   4c 8b 02 0f b7 4a 08 4c 89 00 66 89 48 08 c3 90
0x00007ffbfc3823d0:   4c 8b 02 8b 4a 08 4c 89 00 89 48 08 c3 0f 1f 00
0x00007ffbfc3823e0:   4c 8b 02 8b 4a 08 44 0f b7 4a 0c 4c 89 00 89 48
0x00007ffbfc3823f0:   08 66 44 89 48 0c c3 66 0f 1f 84 00 00 00 00 00
0x00007ffbfc382400:   4c 8b 02 8b 4a 08 44 0f b7 4a 0c 44 0f b6 52 0e
0x00007ffbfc382410:   4c 89 00 89 48 08 66 44 89 48 0c 44 88 50 0e c3
0x00007ffbfc382420:   0f 10 04 11 4c 03 c1 48 83 c1 10 41 f6 c3 0f 74
0x00007ffbfc382430:   13 0f 28 c8 48 83 e1 f0 0f 10 04 11 48 83 c1 10
0x00007ffbfc382440:   41 0f 11 0b 4c 2b c1 4d 8b c8 49 c1 e9 07 0f 84
0x00007ffbfc382450:   88 00 00 00 0f 29 41 f0 4c 3b 0d 69 1c cd 01 76
0x00007ffbfc382460:   17 e9 c2 00 00 00 66 66 0f 1f 84 00 00 00 00 00
0x00007ffbfc382470:   0f 29 41 e0 0f 29 49 f0 0f 10 04 11 0f 10 4c 11
0x00007ffbfc382480:   10 48 81 c1 80 00 00 00 0f 29 41 80 0f 29 49 90
0x00007ffbfc382490:   0f 10 44 11 a0 0f 10 4c 11 b0 49 ff c9 0f 29 41
0x00007ffbfc3824a0:   a0 0f 29 49 b0 0f 10 44 11 c0 0f 10 4c 11 d0 0f
0x00007ffbfc3824b0:   29 41 c0 0f 29 49 d0 0f 10 44 11 e0 0f 10 4c 11
0x00007ffbfc3824c0:   f0 75 ad 0f 29 41 e0 49 83 e0 7f 0f 28 c1 eb 0c
0x00007ffbfc3824d0:   0f 10 04 11 48 83 c1 10 49 83 e8 10 4d 8b c8 49
0x00007ffbfc3824e0:   c1 e9 04 74 1c 66 66 66 0f 1f 84 00 00 00 00 00
0x00007ffbfc3824f0:   0f 11 41 f0 0f 10 04 11 48 83 c1 10 49 ff c9 75
0x00007ffbfc382500:   ef 49 83 e0 0f 74 0d 4a 8d 04 01 0f 10 4c 10 f0
0x00007ffbfc382510:   0f 11 48 f0 0f 11 41 f0 49 8b c3 c3 0f 1f 40 00
0x00007ffbfc382520:   0f 2b 41 e0 0f 2b 49 f0 0f 18 84 11 00 02 00 00
0x00007ffbfc382530:   0f 10 04 11 0f 10 4c 11 10 48 81 c1 80 00 00 00
0x00007ffbfc382540:   0f 2b 41 80 0f 2b 49 90 0f 10 44 11 a0 0f 10 4c
0x00007ffbfc382550:   11 b0 49 ff c9 0f 2b 41 a0 0f 2b 49 b0 0f 10 44
0x00007ffbfc382560:   11 c0 0f 10 4c 11 d0 0f 18 84 11 40 02 00 00 0f
0x00007ffbfc382570:   2b 41 c0 0f 2b 49 d0 0f 10 44 11 e0 0f 10 4c 11
0x00007ffbfc382580:   f0 75 9d 0f ae f8 e9 38 ff ff ff 0f 1f 44 00 00 


Stack slot to memory mapping:
stack at sp + 0 slots: 0x00007ffbfba47a5e nvoglv64.dll
stack at sp + 1 slots: 0x0000000000000064 is an unknown value
stack at sp + 2 slots: 0x0 is NULL
stack at sp + 3 slots: 0x0000000000000de1 is an unknown value
stack at sp + 4 slots: 0x0000000000000064 is an unknown value
stack at sp + 5 slots: 0x000001e500000000 is an unknown value
stack at sp + 6 slots: 0x0000000000001908 is an unknown value
stack at sp + 7 slots: 0x00000ca500001401 is an unknown value


---------------  P R O C E S S  ---------------

Threads class SMR info:
_java_thread_list=0x000001e590e87400, length=12, elements={
0x000001e5efd6e000, 0x000001e58f41e000, 0x000001e58f419000, 0x000001e58fd17800,
0x000001e58fd18800, 0x000001e58fd1b000, 0x000001e58fd24000, 0x000001e58fd28000,
0x000001e58fd62800, 0x000001e58fe1c000, 0x000001e590390000, 0x000001e591214000
}

Java Threads: ( => current thread )
=>0x000001e5efd6e000 JavaThread "main" [_thread_in_native, id=7928, stack(0x0000002843800000,0x0000002843900000)]
  0x000001e58f41e000 JavaThread "Reference Handler" daemon [_thread_blocked, id=7404, stack(0x0000002843f00000,0x0000002844000000)]
  0x000001e58f419000 JavaThread "Finalizer" daemon [_thread_blocked, id=12756, stack(0x0000002844000000,0x0000002844100000)]
  0x000001e58fd17800 JavaThread "Signal Dispatcher" daemon [_thread_blocked, id=11144, stack(0x0000002844100000,0x0000002844200000)]
  0x000001e58fd18800 JavaThread "Attach Listener" daemon [_thread_blocked, id=11980, stack(0x0000002844200000,0x0000002844300000)]
  0x000001e58fd1b000 JavaThread "Service Thread" daemon [_thread_blocked, id=4616, stack(0x0000002844300000,0x0000002844400000)]
  0x000001e58fd24000 JavaThread "C2 CompilerThread0" daemon [_thread_blocked, id=7576, stack(0x0000002844400000,0x0000002844500000)]
  0x000001e58fd28000 JavaThread "C1 CompilerThread0" daemon [_thread_blocked, id=864, stack(0x0000002844500000,0x0000002844600000)]
  0x000001e58fd62800 JavaThread "Sweeper thread" daemon [_thread_blocked, id=11640, stack(0x0000002844600000,0x0000002844700000)]
  0x000001e58fe1c000 JavaThread "Common-Cleaner" daemon [_thread_blocked, id=10572, stack(0x0000002844700000,0x0000002844800000)]
  0x000001e590390000 JavaThread "Monitor Ctrl-Break" daemon [_thread_in_native, id=12416, stack(0x0000002844900000,0x0000002844a00000)]
  0x000001e591214000 JavaThread "C2 CompilerThread1" daemon [_thread_blocked, id=13228, stack(0x0000002844800000,0x0000002844900000)]

Other Threads:
  0x000001e58fcc7000 VMThread "VM Thread" [stack: 0x0000002843e00000,0x0000002843f00000] [id=9580]
  0x000001e590125000 WatcherThread [stack: 0x0000002844a00000,0x0000002844b00000] [id=10888]
  0x000001e5efd85000 GCTaskThread "GC Thread#0" [stack: 0x0000002843900000,0x0000002843a00000] [id=7648]
  0x000001e5efde1800 ConcurrentGCThread "G1 Main Marker" [stack: 0x0000002843a00000,0x0000002843b00000] [id=8052]
  0x000001e5efde4000 ConcurrentGCThread "G1 Conc#0" [stack: 0x0000002843b00000,0x0000002843c00000] [id=3600]
  0x000001e58f2ee000 ConcurrentGCThread "G1 Refine#0" [stack: 0x0000002843c00000,0x0000002843d00000] [id=3892]
  0x000001e58f2ef000 ConcurrentGCThread "G1 Young RemSet Sampling" [stack: 0x0000002843d00000,0x0000002843e00000] [id=11808]

Threads with active compile tasks:

VM state:not at safepoint (normal execution)

VM Mutex/Monitor currently owned by a thread: None

Heap address: 0x0000000700c00000, size: 4084 MB, Compressed Oops mode: Zero based, Oop shift amount: 3
Narrow klass base: 0x0000000800000000, Narrow klass shift: 0
Compressed class space size: 1073741824 Address: 0x0000000800000000

Heap:
 garbage-first heap   total 262144K, used 17408K [0x0000000700c00000, 0x0000000800000000)
  region size 1024K, 19 young (19456K), 0 survivors (0K)
 Metaspace       used 10320K, capacity 10595K, committed 10752K, reserved 1058816K
  class space    used 862K, capacity 960K, committed 1024K, reserved 1048576K
Heap Regions: E=young(eden), S=young(survivor), O=old, HS=humongous(starts), HC=humongous(continues), CS=collection set, F=free, A=archive, TAMS=top-at-mark-start (previous, next)
|   0|0x0000000700c00000, 0x0000000700c00000, 0x0000000700d00000|  0%| F|  |TAMS 0x0000000700c00000, 0x0000000700c00000| Untracked 
|   1|0x0000000700d00000, 0x0000000700d00000, 0x0000000700e00000|  0%| F|  |TAMS 0x0000000700d00000, 0x0000000700d00000| Untracked 
|   2|0x0000000700e00000, 0x0000000700e00000, 0x0000000700f00000|  0%| F|  |TAMS 0x0000000700e00000, 0x0000000700e00000| Untracked 
|   3|0x0000000700f00000, 0x0000000700f00000, 0x0000000701000000|  0%| F|  |TAMS 0x0000000700f00000, 0x0000000700f00000| Untracked 
|   4|0x0000000701000000, 0x0000000701000000, 0x0000000701100000|  0%| F|  |TAMS 0x0000000701000000, 0x0000000701000000| Untracked 
|   5|0x0000000701100000, 0x0000000701100000, 0x0000000701200000|  0%| F|  |TAMS 0x0000000701100000, 0x0000000701100000| Untracked 
|   6|0x0000000701200000, 0x0000000701200000, 0x0000000701300000|  0%| F|  |TAMS 0x0000000701200000, 0x0000000701200000| Untracked 
|   7|0x0000000701300000, 0x0000000701300000, 0x0000000701400000|  0%| F|  |TAMS 0x0000000701300000, 0x0000000701300000| Untracked 
|   8|0x0000000701400000, 0x0000000701400000, 0x0000000701500000|  0%| F|  |TAMS 0x0000000701400000, 0x0000000701400000| Untracked 
|   9|0x0000000701500000, 0x0000000701500000, 0x0000000701600000|  0%| F|  |TAMS 0x0000000701500000, 0x0000000701500000| Untracked 
|  10|0x0000000701600000, 0x0000000701600000, 0x0000000701700000|  0%| F|  |TAMS 0x0000000701600000, 0x0000000701600000| Untracked 
|  11|0x0000000701700000, 0x0000000701700000, 0x0000000701800000|  0%| F|  |TAMS 0x0000000701700000, 0x0000000701700000| Untracked 
|  12|0x0000000701800000, 0x0000000701800000, 0x0000000701900000|  0%| F|  |TAMS 0x0000000701800000, 0x0000000701800000| Untracked 
|  13|0x0000000701900000, 0x0000000701900000, 0x0000000701a00000|  0%| F|  |TAMS 0x0000000701900000, 0x0000000701900000| Untracked 
|  14|0x0000000701a00000, 0x0000000701a00000, 0x0000000701b00000|  0%| F|  |TAMS 0x0000000701a00000, 0x0000000701a00000| Untracked 
|  15|0x0000000701b00000, 0x0000000701b00000, 0x0000000701c00000|  0%| F|  |TAMS 0x0000000701b00000, 0x0000000701b00000| Untracked 
|  16|0x0000000701c00000, 0x0000000701c00000, 0x0000000701d00000|  0%| F|  |TAMS 0x0000000701c00000, 0x0000000701c00000| Untracked 
|  17|0x0000000701d00000, 0x0000000701d00000, 0x0000000701e00000|  0%| F|  |TAMS 0x0000000701d00000, 0x0000000701d00000| Untracked 
|  18|0x0000000701e00000, 0x0000000701e00000, 0x0000000701f00000|  0%| F|  |TAMS 0x0000000701e00000, 0x0000000701e00000| Untracked 
|  19|0x0000000701f00000, 0x0000000701f00000, 0x0000000702000000|  0%| F|  |TAMS 0x0000000701f00000, 0x0000000701f00000| Untracked 
|  20|0x0000000702000000, 0x0000000702000000, 0x0000000702100000|  0%| F|  |TAMS 0x0000000702000000, 0x0000000702000000| Untracked 
|  21|0x0000000702100000, 0x0000000702100000, 0x0000000702200000|  0%| F|  |TAMS 0x0000000702100000, 0x0000000702100000| Untracked 
|  22|0x0000000702200000, 0x0000000702200000, 0x0000000702300000|  0%| F|  |TAMS 0x0000000702200000, 0x0000000702200000| Untracked 
|  23|0x0000000702300000, 0x0000000702300000, 0x0000000702400000|  0%| F|  |TAMS 0x0000000702300000, 0x0000000702300000| Untracked 
|  24|0x0000000702400000, 0x0000000702400000, 0x0000000702500000|  0%| F|  |TAMS 0x0000000702400000, 0x0000000702400000| Untracked 
|  25|0x0000000702500000, 0x0000000702500000, 0x0000000702600000|  0%| F|  |TAMS 0x0000000702500000, 0x0000000702500000| Untracked 
|  26|0x0000000702600000, 0x0000000702600000, 0x0000000702700000|  0%| F|  |TAMS 0x0000000702600000, 0x0000000702600000| Untracked 
|  27|0x0000000702700000, 0x0000000702700000, 0x0000000702800000|  0%| F|  |TAMS 0x0000000702700000, 0x0000000702700000| Untracked 
|  28|0x0000000702800000, 0x0000000702800000, 0x0000000702900000|  0%| F|  |TAMS 0x0000000702800000, 0x0000000702800000| Untracked 
|  29|0x0000000702900000, 0x0000000702900000, 0x0000000702a00000|  0%| F|  |TAMS 0x0000000702900000, 0x0000000702900000| Untracked 
|  30|0x0000000702a00000, 0x0000000702a00000, 0x0000000702b00000|  0%| F|  |TAMS 0x0000000702a00000, 0x0000000702a00000| Untracked 
|  31|0x0000000702b00000, 0x0000000702b00000, 0x0000000702c00000|  0%| F|  |TAMS 0x0000000702b00000, 0x0000000702b00000| Untracked 
|  32|0x0000000702c00000, 0x0000000702c00000, 0x0000000702d00000|  0%| F|  |TAMS 0x0000000702c00000, 0x0000000702c00000| Untracked 
|  33|0x0000000702d00000, 0x0000000702d00000, 0x0000000702e00000|  0%| F|  |TAMS 0x0000000702d00000, 0x0000000702d00000| Untracked 
|  34|0x0000000702e00000, 0x0000000702e00000, 0x0000000702f00000|  0%| F|  |TAMS 0x0000000702e00000, 0x0000000702e00000| Untracked 
|  35|0x0000000702f00000, 0x0000000702f00000, 0x0000000703000000|  0%| F|  |TAMS 0x0000000702f00000, 0x0000000702f00000| Untracked 
|  36|0x0000000703000000, 0x0000000703000000, 0x0000000703100000|  0%| F|  |TAMS 0x0000000703000000, 0x0000000703000000| Untracked 
|  37|0x0000000703100000, 0x0000000703100000, 0x0000000703200000|  0%| F|  |TAMS 0x0000000703100000, 0x0000000703100000| Untracked 
|  38|0x0000000703200000, 0x0000000703200000, 0x0000000703300000|  0%| F|  |TAMS 0x0000000703200000, 0x0000000703200000| Untracked 
|  39|0x0000000703300000, 0x0000000703300000, 0x0000000703400000|  0%| F|  |TAMS 0x0000000703300000, 0x0000000703300000| Untracked 
|  40|0x0000000703400000, 0x0000000703400000, 0x0000000703500000|  0%| F|  |TAMS 0x0000000703400000, 0x0000000703400000| Untracked 
|  41|0x0000000703500000, 0x0000000703500000, 0x0000000703600000|  0%| F|  |TAMS 0x0000000703500000, 0x0000000703500000| Untracked 
|  42|0x0000000703600000, 0x0000000703600000, 0x0000000703700000|  0%| F|  |TAMS 0x0000000703600000, 0x0000000703600000| Untracked 
|  43|0x0000000703700000, 0x0000000703700000, 0x0000000703800000|  0%| F|  |TAMS 0x0000000703700000, 0x0000000703700000| Untracked 
|  44|0x0000000703800000, 0x0000000703800000, 0x0000000703900000|  0%| F|  |TAMS 0x0000000703800000, 0x0000000703800000| Untracked 
|  45|0x0000000703900000, 0x0000000703900000, 0x0000000703a00000|  0%| F|  |TAMS 0x0000000703900000, 0x0000000703900000| Untracked 
|  46|0x0000000703a00000, 0x0000000703a00000, 0x0000000703b00000|  0%| F|  |TAMS 0x0000000703a00000, 0x0000000703a00000| Untracked 
|  47|0x0000000703b00000, 0x0000000703b00000, 0x0000000703c00000|  0%| F|  |TAMS 0x0000000703b00000, 0x0000000703b00000| Untracked 
|  48|0x0000000703c00000, 0x0000000703c00000, 0x0000000703d00000|  0%| F|  |TAMS 0x0000000703c00000, 0x0000000703c00000| Untracked 
|  49|0x0000000703d00000, 0x0000000703d00000, 0x0000000703e00000|  0%| F|  |TAMS 0x0000000703d00000, 0x0000000703d00000| Untracked 
|  50|0x0000000703e00000, 0x0000000703e00000, 0x0000000703f00000|  0%| F|  |TAMS 0x0000000703e00000, 0x0000000703e00000| Untracked 
|  51|0x0000000703f00000, 0x0000000703f00000, 0x0000000704000000|  0%| F|  |TAMS 0x0000000703f00000, 0x0000000703f00000| Untracked 
|  52|0x0000000704000000, 0x0000000704000000, 0x0000000704100000|  0%| F|  |TAMS 0x0000000704000000, 0x0000000704000000| Untracked 
|  53|0x0000000704100000, 0x0000000704100000, 0x0000000704200000|  0%| F|  |TAMS 0x0000000704100000, 0x0000000704100000| Untracked 
|  54|0x0000000704200000, 0x0000000704200000, 0x0000000704300000|  0%| F|  |TAMS 0x0000000704200000, 0x0000000704200000| Untracked 
|  55|0x0000000704300000, 0x0000000704300000, 0x0000000704400000|  0%| F|  |TAMS 0x0000000704300000, 0x0000000704300000| Untracked 
|  56|0x0000000704400000, 0x0000000704400000, 0x0000000704500000|  0%| F|  |TAMS 0x0000000704400000, 0x0000000704400000| Untracked 
|  57|0x0000000704500000, 0x0000000704500000, 0x0000000704600000|  0%| F|  |TAMS 0x0000000704500000, 0x0000000704500000| Untracked 
|  58|0x0000000704600000, 0x0000000704600000, 0x0000000704700000|  0%| F|  |TAMS 0x0000000704600000, 0x0000000704600000| Untracked 
|  59|0x0000000704700000, 0x0000000704700000, 0x0000000704800000|  0%| F|  |TAMS 0x0000000704700000, 0x0000000704700000| Untracked 
|  60|0x0000000704800000, 0x0000000704800000, 0x0000000704900000|  0%| F|  |TAMS 0x0000000704800000, 0x0000000704800000| Untracked 
|  61|0x0000000704900000, 0x0000000704900000, 0x0000000704a00000|  0%| F|  |TAMS 0x0000000704900000, 0x0000000704900000| Untracked 
|  62|0x0000000704a00000, 0x0000000704a00000, 0x0000000704b00000|  0%| F|  |TAMS 0x0000000704a00000, 0x0000000704a00000| Untracked 
|  63|0x0000000704b00000, 0x0000000704b00000, 0x0000000704c00000|  0%| F|  |TAMS 0x0000000704b00000, 0x0000000704b00000| Untracked 
|  64|0x0000000704c00000, 0x0000000704c00000, 0x0000000704d00000|  0%| F|  |TAMS 0x0000000704c00000, 0x0000000704c00000| Untracked 
|  65|0x0000000704d00000, 0x0000000704d00000, 0x0000000704e00000|  0%| F|  |TAMS 0x0000000704d00000, 0x0000000704d00000| Untracked 
|  66|0x0000000704e00000, 0x0000000704e00000, 0x0000000704f00000|  0%| F|  |TAMS 0x0000000704e00000, 0x0000000704e00000| Untracked 
|  67|0x0000000704f00000, 0x0000000704f00000, 0x0000000705000000|  0%| F|  |TAMS 0x0000000704f00000, 0x0000000704f00000| Untracked 
|  68|0x0000000705000000, 0x0000000705000000, 0x0000000705100000|  0%| F|  |TAMS 0x0000000705000000, 0x0000000705000000| Untracked 
|  69|0x0000000705100000, 0x0000000705100000, 0x0000000705200000|  0%| F|  |TAMS 0x0000000705100000, 0x0000000705100000| Untracked 
|  70|0x0000000705200000, 0x0000000705200000, 0x0000000705300000|  0%| F|  |TAMS 0x0000000705200000, 0x0000000705200000| Untracked 
|  71|0x0000000705300000, 0x0000000705300000, 0x0000000705400000|  0%| F|  |TAMS 0x0000000705300000, 0x0000000705300000| Untracked 
|  72|0x0000000705400000, 0x0000000705400000, 0x0000000705500000|  0%| F|  |TAMS 0x0000000705400000, 0x0000000705400000| Untracked 
|  73|0x0000000705500000, 0x0000000705500000, 0x0000000705600000|  0%| F|  |TAMS 0x0000000705500000, 0x0000000705500000| Untracked 
|  74|0x0000000705600000, 0x0000000705600000, 0x0000000705700000|  0%| F|  |TAMS 0x0000000705600000, 0x0000000705600000| Untracked 
|  75|0x0000000705700000, 0x0000000705700000, 0x0000000705800000|  0%| F|  |TAMS 0x0000000705700000, 0x0000000705700000| Untracked 
|  76|0x0000000705800000, 0x0000000705800000, 0x0000000705900000|  0%| F|  |TAMS 0x0000000705800000, 0x0000000705800000| Untracked 
|  77|0x0000000705900000, 0x0000000705900000, 0x0000000705a00000|  0%| F|  |TAMS 0x0000000705900000, 0x0000000705900000| Untracked 
|  78|0x0000000705a00000, 0x0000000705a00000, 0x0000000705b00000|  0%| F|  |TAMS 0x0000000705a00000, 0x0000000705a00000| Untracked 
|  79|0x0000000705b00000, 0x0000000705b00000, 0x0000000705c00000|  0%| F|  |TAMS 0x0000000705b00000, 0x0000000705b00000| Untracked 
|  80|0x0000000705c00000, 0x0000000705c00000, 0x0000000705d00000|  0%| F|  |TAMS 0x0000000705c00000, 0x0000000705c00000| Untracked 
|  81|0x0000000705d00000, 0x0000000705d00000, 0x0000000705e00000|  0%| F|  |TAMS 0x0000000705d00000, 0x0000000705d00000| Untracked 
|  82|0x0000000705e00000, 0x0000000705e00000, 0x0000000705f00000|  0%| F|  |TAMS 0x0000000705e00000, 0x0000000705e00000| Untracked 
|  83|0x0000000705f00000, 0x0000000705f00000, 0x0000000706000000|  0%| F|  |TAMS 0x0000000705f00000, 0x0000000705f00000| Untracked 
|  84|0x0000000706000000, 0x0000000706000000, 0x0000000706100000|  0%| F|  |TAMS 0x0000000706000000, 0x0000000706000000| Untracked 
|  85|0x0000000706100000, 0x0000000706100000, 0x0000000706200000|  0%| F|  |TAMS 0x0000000706100000, 0x0000000706100000| Untracked 
|  86|0x0000000706200000, 0x0000000706200000, 0x0000000706300000|  0%| F|  |TAMS 0x0000000706200000, 0x0000000706200000| Untracked 
|  87|0x0000000706300000, 0x0000000706300000, 0x0000000706400000|  0%| F|  |TAMS 0x0000000706300000, 0x0000000706300000| Untracked 
|  88|0x0000000706400000, 0x0000000706400000, 0x0000000706500000|  0%| F|  |TAMS 0x0000000706400000, 0x0000000706400000| Untracked 
|  89|0x0000000706500000, 0x0000000706500000, 0x0000000706600000|  0%| F|  |TAMS 0x0000000706500000, 0x0000000706500000| Untracked 
|  90|0x0000000706600000, 0x0000000706600000, 0x0000000706700000|  0%| F|  |TAMS 0x0000000706600000, 0x0000000706600000| Untracked 
|  91|0x0000000706700000, 0x0000000706700000, 0x0000000706800000|  0%| F|  |TAMS 0x0000000706700000, 0x0000000706700000| Untracked 
|  92|0x0000000706800000, 0x0000000706800000, 0x0000000706900000|  0%| F|  |TAMS 0x0000000706800000, 0x0000000706800000| Untracked 
|  93|0x0000000706900000, 0x0000000706900000, 0x0000000706a00000|  0%| F|  |TAMS 0x0000000706900000, 0x0000000706900000| Untracked 
|  94|0x0000000706a00000, 0x0000000706a00000, 0x0000000706b00000|  0%| F|  |TAMS 0x0000000706a00000, 0x0000000706a00000| Untracked 
|  95|0x0000000706b00000, 0x0000000706b00000, 0x0000000706c00000|  0%| F|  |TAMS 0x0000000706b00000, 0x0000000706b00000| Untracked 
|  96|0x0000000706c00000, 0x0000000706c00000, 0x0000000706d00000|  0%| F|  |TAMS 0x0000000706c00000, 0x0000000706c00000| Untracked 
|  97|0x0000000706d00000, 0x0000000706d00000, 0x0000000706e00000|  0%| F|  |TAMS 0x0000000706d00000, 0x0000000706d00000| Untracked 
|  98|0x0000000706e00000, 0x0000000706e00000, 0x0000000706f00000|  0%| F|  |TAMS 0x0000000706e00000, 0x0000000706e00000| Untracked 
|  99|0x0000000706f00000, 0x0000000706f00000, 0x0000000707000000|  0%| F|  |TAMS 0x0000000706f00000, 0x0000000706f00000| Untracked 
| 100|0x0000000707000000, 0x0000000707000000, 0x0000000707100000|  0%| F|  |TAMS 0x0000000707000000, 0x0000000707000000| Untracked 
| 101|0x0000000707100000, 0x0000000707100000, 0x0000000707200000|  0%| F|  |TAMS 0x0000000707100000, 0x0000000707100000| Untracked 
| 102|0x0000000707200000, 0x0000000707200000, 0x0000000707300000|  0%| F|  |TAMS 0x0000000707200000, 0x0000000707200000| Untracked 
| 103|0x0000000707300000, 0x0000000707300000, 0x0000000707400000|  0%| F|  |TAMS 0x0000000707300000, 0x0000000707300000| Untracked 
| 104|0x0000000707400000, 0x0000000707400000, 0x0000000707500000|  0%| F|  |TAMS 0x0000000707400000, 0x0000000707400000| Untracked 
| 105|0x0000000707500000, 0x0000000707500000, 0x0000000707600000|  0%| F|  |TAMS 0x0000000707500000, 0x0000000707500000| Untracked 
| 106|0x0000000707600000, 0x0000000707600000, 0x0000000707700000|  0%| F|  |TAMS 0x0000000707600000, 0x0000000707600000| Untracked 
| 107|0x0000000707700000, 0x0000000707700000, 0x0000000707800000|  0%| F|  |TAMS 0x0000000707700000, 0x0000000707700000| Untracked 
| 108|0x0000000707800000, 0x0000000707800000, 0x0000000707900000|  0%| F|  |TAMS 0x0000000707800000, 0x0000000707800000| Untracked 
| 109|0x0000000707900000, 0x0000000707900000, 0x0000000707a00000|  0%| F|  |TAMS 0x0000000707900000, 0x0000000707900000| Untracked 
| 110|0x0000000707a00000, 0x0000000707a00000, 0x0000000707b00000|  0%| F|  |TAMS 0x0000000707a00000, 0x0000000707a00000| Untracked 
| 111|0x0000000707b00000, 0x0000000707b00000, 0x0000000707c00000|  0%| F|  |TAMS 0x0000000707b00000, 0x0000000707b00000| Untracked 
| 112|0x0000000707c00000, 0x0000000707c00000, 0x0000000707d00000|  0%| F|  |TAMS 0x0000000707c00000, 0x0000000707c00000| Untracked 
| 113|0x0000000707d00000, 0x0000000707d00000, 0x0000000707e00000|  0%| F|  |TAMS 0x0000000707d00000, 0x0000000707d00000| Untracked 
| 114|0x0000000707e00000, 0x0000000707e00000, 0x0000000707f00000|  0%| F|  |TAMS 0x0000000707e00000, 0x0000000707e00000| Untracked 
| 115|0x0000000707f00000, 0x0000000707f00000, 0x0000000708000000|  0%| F|  |TAMS 0x0000000707f00000, 0x0000000707f00000| Untracked 
| 116|0x0000000708000000, 0x0000000708000000, 0x0000000708100000|  0%| F|  |TAMS 0x0000000708000000, 0x0000000708000000| Untracked 
| 117|0x0000000708100000, 0x0000000708100000, 0x0000000708200000|  0%| F|  |TAMS 0x0000000708100000, 0x0000000708100000| Untracked 
| 118|0x0000000708200000, 0x0000000708200000, 0x0000000708300000|  0%| F|  |TAMS 0x0000000708200000, 0x0000000708200000| Untracked 
| 119|0x0000000708300000, 0x0000000708300000, 0x0000000708400000|  0%| F|  |TAMS 0x0000000708300000, 0x0000000708300000| Untracked 
| 120|0x0000000708400000, 0x0000000708400000, 0x0000000708500000|  0%| F|  |TAMS 0x0000000708400000, 0x0000000708400000| Untracked 
| 121|0x0000000708500000, 0x0000000708500000, 0x0000000708600000|  0%| F|  |TAMS 0x0000000708500000, 0x0000000708500000| Untracked 
| 122|0x0000000708600000, 0x0000000708600000, 0x0000000708700000|  0%| F|  |TAMS 0x0000000708600000, 0x0000000708600000| Untracked 
| 123|0x0000000708700000, 0x0000000708700000, 0x0000000708800000|  0%| F|  |TAMS 0x0000000708700000, 0x0000000708700000| Untracked 
| 124|0x0000000708800000, 0x0000000708800000, 0x0000000708900000|  0%| F|  |TAMS 0x0000000708800000, 0x0000000708800000| Untracked 
| 125|0x0000000708900000, 0x0000000708900000, 0x0000000708a00000|  0%| F|  |TAMS 0x0000000708900000, 0x0000000708900000| Untracked 
| 126|0x0000000708a00000, 0x0000000708a00000, 0x0000000708b00000|  0%| F|  |TAMS 0x0000000708a00000, 0x0000000708a00000| Untracked 
| 127|0x0000000708b00000, 0x0000000708b00000, 0x0000000708c00000|  0%| F|  |TAMS 0x0000000708b00000, 0x0000000708b00000| Untracked 
| 128|0x0000000708c00000, 0x0000000708c00000, 0x0000000708d00000|  0%| F|  |TAMS 0x0000000708c00000, 0x0000000708c00000| Untracked 
| 129|0x0000000708d00000, 0x0000000708d00000, 0x0000000708e00000|  0%| F|  |TAMS 0x0000000708d00000, 0x0000000708d00000| Untracked 
| 130|0x0000000708e00000, 0x0000000708e00000, 0x0000000708f00000|  0%| F|  |TAMS 0x0000000708e00000, 0x0000000708e00000| Untracked 
| 131|0x0000000708f00000, 0x0000000708f00000, 0x0000000709000000|  0%| F|  |TAMS 0x0000000708f00000, 0x0000000708f00000| Untracked 
| 132|0x0000000709000000, 0x0000000709000000, 0x0000000709100000|  0%| F|  |TAMS 0x0000000709000000, 0x0000000709000000| Untracked 
| 133|0x0000000709100000, 0x0000000709100000, 0x0000000709200000|  0%| F|  |TAMS 0x0000000709100000, 0x0000000709100000| Untracked 
| 134|0x0000000709200000, 0x0000000709200000, 0x0000000709300000|  0%| F|  |TAMS 0x0000000709200000, 0x0000000709200000| Untracked 
| 135|0x0000000709300000, 0x0000000709300000, 0x0000000709400000|  0%| F|  |TAMS 0x0000000709300000, 0x0000000709300000| Untracked 
| 136|0x0000000709400000, 0x0000000709400000, 0x0000000709500000|  0%| F|  |TAMS 0x0000000709400000, 0x0000000709400000| Untracked 
| 137|0x0000000709500000, 0x0000000709500000, 0x0000000709600000|  0%| F|  |TAMS 0x0000000709500000, 0x0000000709500000| Untracked 
| 138|0x0000000709600000, 0x0000000709600000, 0x0000000709700000|  0%| F|  |TAMS 0x0000000709600000, 0x0000000709600000| Untracked 
| 139|0x0000000709700000, 0x0000000709700000, 0x0000000709800000|  0%| F|  |TAMS 0x0000000709700000, 0x0000000709700000| Untracked 
| 140|0x0000000709800000, 0x0000000709800000, 0x0000000709900000|  0%| F|  |TAMS 0x0000000709800000, 0x0000000709800000| Untracked 
| 141|0x0000000709900000, 0x0000000709900000, 0x0000000709a00000|  0%| F|  |TAMS 0x0000000709900000, 0x0000000709900000| Untracked 
| 142|0x0000000709a00000, 0x0000000709a00000, 0x0000000709b00000|  0%| F|  |TAMS 0x0000000709a00000, 0x0000000709a00000| Untracked 
| 143|0x0000000709b00000, 0x0000000709b00000, 0x0000000709c00000|  0%| F|  |TAMS 0x0000000709b00000, 0x0000000709b00000| Untracked 
| 144|0x0000000709c00000, 0x0000000709c00000, 0x0000000709d00000|  0%| F|  |TAMS 0x0000000709c00000, 0x0000000709c00000| Untracked 
| 145|0x0000000709d00000, 0x0000000709d00000, 0x0000000709e00000|  0%| F|  |TAMS 0x0000000709d00000, 0x0000000709d00000| Untracked 
| 146|0x0000000709e00000, 0x0000000709e00000, 0x0000000709f00000|  0%| F|  |TAMS 0x0000000709e00000, 0x0000000709e00000| Untracked 
| 147|0x0000000709f00000, 0x0000000709f00000, 0x000000070a000000|  0%| F|  |TAMS 0x0000000709f00000, 0x0000000709f00000| Untracked 
| 148|0x000000070a000000, 0x000000070a000000, 0x000000070a100000|  0%| F|  |TAMS 0x000000070a000000, 0x000000070a000000| Untracked 
| 149|0x000000070a100000, 0x000000070a100000, 0x000000070a200000|  0%| F|  |TAMS 0x000000070a100000, 0x000000070a100000| Untracked 
| 150|0x000000070a200000, 0x000000070a200000, 0x000000070a300000|  0%| F|  |TAMS 0x000000070a200000, 0x000000070a200000| Untracked 
| 151|0x000000070a300000, 0x000000070a300000, 0x000000070a400000|  0%| F|  |TAMS 0x000000070a300000, 0x000000070a300000| Untracked 
| 152|0x000000070a400000, 0x000000070a400000, 0x000000070a500000|  0%| F|  |TAMS 0x000000070a400000, 0x000000070a400000| Untracked 
| 153|0x000000070a500000, 0x000000070a500000, 0x000000070a600000|  0%| F|  |TAMS 0x000000070a500000, 0x000000070a500000| Untracked 
| 154|0x000000070a600000, 0x000000070a600000, 0x000000070a700000|  0%| F|  |TAMS 0x000000070a600000, 0x000000070a600000| Untracked 
| 155|0x000000070a700000, 0x000000070a700000, 0x000000070a800000|  0%| F|  |TAMS 0x000000070a700000, 0x000000070a700000| Untracked 
| 156|0x000000070a800000, 0x000000070a800000, 0x000000070a900000|  0%| F|  |TAMS 0x000000070a800000, 0x000000070a800000| Untracked 
| 157|0x000000070a900000, 0x000000070a900000, 0x000000070aa00000|  0%| F|  |TAMS 0x000000070a900000, 0x000000070a900000| Untracked 
| 158|0x000000070aa00000, 0x000000070aa00000, 0x000000070ab00000|  0%| F|  |TAMS 0x000000070aa00000, 0x000000070aa00000| Untracked 
| 159|0x000000070ab00000, 0x000000070ab00000, 0x000000070ac00000|  0%| F|  |TAMS 0x000000070ab00000, 0x000000070ab00000| Untracked 
| 160|0x000000070ac00000, 0x000000070ac00000, 0x000000070ad00000|  0%| F|  |TAMS 0x000000070ac00000, 0x000000070ac00000| Untracked 
| 161|0x000000070ad00000, 0x000000070ad00000, 0x000000070ae00000|  0%| F|  |TAMS 0x000000070ad00000, 0x000000070ad00000| Untracked 
| 162|0x000000070ae00000, 0x000000070ae00000, 0x000000070af00000|  0%| F|  |TAMS 0x000000070ae00000, 0x000000070ae00000| Untracked 
| 163|0x000000070af00000, 0x000000070af00000, 0x000000070b000000|  0%| F|  |TAMS 0x000000070af00000, 0x000000070af00000| Untracked 
| 164|0x000000070b000000, 0x000000070b000000, 0x000000070b100000|  0%| F|  |TAMS 0x000000070b000000, 0x000000070b000000| Untracked 
| 165|0x000000070b100000, 0x000000070b100000, 0x000000070b200000|  0%| F|  |TAMS 0x000000070b100000, 0x000000070b100000| Untracked 
| 166|0x000000070b200000, 0x000000070b200000, 0x000000070b300000|  0%| F|  |TAMS 0x000000070b200000, 0x000000070b200000| Untracked 
| 167|0x000000070b300000, 0x000000070b300000, 0x000000070b400000|  0%| F|  |TAMS 0x000000070b300000, 0x000000070b300000| Untracked 
| 168|0x000000070b400000, 0x000000070b400000, 0x000000070b500000|  0%| F|  |TAMS 0x000000070b400000, 0x000000070b400000| Untracked 
| 169|0x000000070b500000, 0x000000070b500000, 0x000000070b600000|  0%| F|  |TAMS 0x000000070b500000, 0x000000070b500000| Untracked 
| 170|0x000000070b600000, 0x000000070b600000, 0x000000070b700000|  0%| F|  |TAMS 0x000000070b600000, 0x000000070b600000| Untracked 
| 171|0x000000070b700000, 0x000000070b700000, 0x000000070b800000|  0%| F|  |TAMS 0x000000070b700000, 0x000000070b700000| Untracked 
| 172|0x000000070b800000, 0x000000070b800000, 0x000000070b900000|  0%| F|  |TAMS 0x000000070b800000, 0x000000070b800000| Untracked 
| 173|0x000000070b900000, 0x000000070b900000, 0x000000070ba00000|  0%| F|  |TAMS 0x000000070b900000, 0x000000070b900000| Untracked 
| 174|0x000000070ba00000, 0x000000070ba00000, 0x000000070bb00000|  0%| F|  |TAMS 0x000000070ba00000, 0x000000070ba00000| Untracked 
| 175|0x000000070bb00000, 0x000000070bb00000, 0x000000070bc00000|  0%| F|  |TAMS 0x000000070bb00000, 0x000000070bb00000| Untracked 
| 176|0x000000070bc00000, 0x000000070bc00000, 0x000000070bd00000|  0%| F|  |TAMS 0x000000070bc00000, 0x000000070bc00000| Untracked 
| 177|0x000000070bd00000, 0x000000070bd00000, 0x000000070be00000|  0%| F|  |TAMS 0x000000070bd00000, 0x000000070bd00000| Untracked 
| 178|0x000000070be00000, 0x000000070be00000, 0x000000070bf00000|  0%| F|  |TAMS 0x000000070be00000, 0x000000070be00000| Untracked 
| 179|0x000000070bf00000, 0x000000070bf00000, 0x000000070c000000|  0%| F|  |TAMS 0x000000070bf00000, 0x000000070bf00000| Untracked 
| 180|0x000000070c000000, 0x000000070c000000, 0x000000070c100000|  0%| F|  |TAMS 0x000000070c000000, 0x000000070c000000| Untracked 
| 181|0x000000070c100000, 0x000000070c100000, 0x000000070c200000|  0%| F|  |TAMS 0x000000070c100000, 0x000000070c100000| Untracked 
| 182|0x000000070c200000, 0x000000070c200000, 0x000000070c300000|  0%| F|  |TAMS 0x000000070c200000, 0x000000070c200000| Untracked 
| 183|0x000000070c300000, 0x000000070c300000, 0x000000070c400000|  0%| F|  |TAMS 0x000000070c300000, 0x000000070c300000| Untracked 
| 184|0x000000070c400000, 0x000000070c400000, 0x000000070c500000|  0%| F|  |TAMS 0x000000070c400000, 0x000000070c400000| Untracked 
| 185|0x000000070c500000, 0x000000070c500000, 0x000000070c600000|  0%| F|  |TAMS 0x000000070c500000, 0x000000070c500000| Untracked 
| 186|0x000000070c600000, 0x000000070c600000, 0x000000070c700000|  0%| F|  |TAMS 0x000000070c600000, 0x000000070c600000| Untracked 
| 187|0x000000070c700000, 0x000000070c700000, 0x000000070c800000|  0%| F|  |TAMS 0x000000070c700000, 0x000000070c700000| Untracked 
| 188|0x000000070c800000, 0x000000070c800000, 0x000000070c900000|  0%| F|  |TAMS 0x000000070c800000, 0x000000070c800000| Untracked 
| 189|0x000000070c900000, 0x000000070c900000, 0x000000070ca00000|  0%| F|  |TAMS 0x000000070c900000, 0x000000070c900000| Untracked 
| 190|0x000000070ca00000, 0x000000070ca00000, 0x000000070cb00000|  0%| F|  |TAMS 0x000000070ca00000, 0x000000070ca00000| Untracked 
| 191|0x000000070cb00000, 0x000000070cb00000, 0x000000070cc00000|  0%| F|  |TAMS 0x000000070cb00000, 0x000000070cb00000| Untracked 
| 192|0x000000070cc00000, 0x000000070cc00000, 0x000000070cd00000|  0%| F|  |TAMS 0x000000070cc00000, 0x000000070cc00000| Untracked 
| 193|0x000000070cd00000, 0x000000070cd00000, 0x000000070ce00000|  0%| F|  |TAMS 0x000000070cd00000, 0x000000070cd00000| Untracked 
| 194|0x000000070ce00000, 0x000000070ce00000, 0x000000070cf00000|  0%| F|  |TAMS 0x000000070ce00000, 0x000000070ce00000| Untracked 
| 195|0x000000070cf00000, 0x000000070cf00000, 0x000000070d000000|  0%| F|  |TAMS 0x000000070cf00000, 0x000000070cf00000| Untracked 
| 196|0x000000070d000000, 0x000000070d000000, 0x000000070d100000|  0%| F|  |TAMS 0x000000070d000000, 0x000000070d000000| Untracked 
| 197|0x000000070d100000, 0x000000070d100000, 0x000000070d200000|  0%| F|  |TAMS 0x000000070d100000, 0x000000070d100000| Untracked 
| 198|0x000000070d200000, 0x000000070d200000, 0x000000070d300000|  0%| F|  |TAMS 0x000000070d200000, 0x000000070d200000| Untracked 
| 199|0x000000070d300000, 0x000000070d300000, 0x000000070d400000|  0%| F|  |TAMS 0x000000070d300000, 0x000000070d300000| Untracked 
| 200|0x000000070d400000, 0x000000070d400000, 0x000000070d500000|  0%| F|  |TAMS 0x000000070d400000, 0x000000070d400000| Untracked 
| 201|0x000000070d500000, 0x000000070d500000, 0x000000070d600000|  0%| F|  |TAMS 0x000000070d500000, 0x000000070d500000| Untracked 
| 202|0x000000070d600000, 0x000000070d600000, 0x000000070d700000|  0%| F|  |TAMS 0x000000070d600000, 0x000000070d600000| Untracked 
| 203|0x000000070d700000, 0x000000070d700000, 0x000000070d800000|  0%| F|  |TAMS 0x000000070d700000, 0x000000070d700000| Untracked 
| 204|0x000000070d800000, 0x000000070d800000, 0x000000070d900000|  0%| F|  |TAMS 0x000000070d800000, 0x000000070d800000| Untracked 
| 205|0x000000070d900000, 0x000000070d900000, 0x000000070da00000|  0%| F|  |TAMS 0x000000070d900000, 0x000000070d900000| Untracked 
| 206|0x000000070da00000, 0x000000070da00000, 0x000000070db00000|  0%| F|  |TAMS 0x000000070da00000, 0x000000070da00000| Untracked 
| 207|0x000000070db00000, 0x000000070db00000, 0x000000070dc00000|  0%| F|  |TAMS 0x000000070db00000, 0x000000070db00000| Untracked 
| 208|0x000000070dc00000, 0x000000070dc00000, 0x000000070dd00000|  0%| F|  |TAMS 0x000000070dc00000, 0x000000070dc00000| Untracked 
| 209|0x000000070dd00000, 0x000000070dd00000, 0x000000070de00000|  0%| F|  |TAMS 0x000000070dd00000, 0x000000070dd00000| Untracked 
| 210|0x000000070de00000, 0x000000070de00000, 0x000000070df00000|  0%| F|  |TAMS 0x000000070de00000, 0x000000070de00000| Untracked 
| 211|0x000000070df00000, 0x000000070df00000, 0x000000070e000000|  0%| F|  |TAMS 0x000000070df00000, 0x000000070df00000| Untracked 
| 212|0x000000070e000000, 0x000000070e000000, 0x000000070e100000|  0%| F|  |TAMS 0x000000070e000000, 0x000000070e000000| Untracked 
| 213|0x000000070e100000, 0x000000070e100000, 0x000000070e200000|  0%| F|  |TAMS 0x000000070e100000, 0x000000070e100000| Untracked 
| 214|0x000000070e200000, 0x000000070e200000, 0x000000070e300000|  0%| F|  |TAMS 0x000000070e200000, 0x000000070e200000| Untracked 
| 215|0x000000070e300000, 0x000000070e300000, 0x000000070e400000|  0%| F|  |TAMS 0x000000070e300000, 0x000000070e300000| Untracked 
| 216|0x000000070e400000, 0x000000070e400000, 0x000000070e500000|  0%| F|  |TAMS 0x000000070e400000, 0x000000070e400000| Untracked 
| 217|0x000000070e500000, 0x000000070e500000, 0x000000070e600000|  0%| F|  |TAMS 0x000000070e500000, 0x000000070e500000| Untracked 
| 218|0x000000070e600000, 0x000000070e600000, 0x000000070e700000|  0%| F|  |TAMS 0x000000070e600000, 0x000000070e600000| Untracked 
| 219|0x000000070e700000, 0x000000070e700000, 0x000000070e800000|  0%| F|  |TAMS 0x000000070e700000, 0x000000070e700000| Untracked 
| 220|0x000000070e800000, 0x000000070e800000, 0x000000070e900000|  0%| F|  |TAMS 0x000000070e800000, 0x000000070e800000| Untracked 
| 221|0x000000070e900000, 0x000000070e900000, 0x000000070ea00000|  0%| F|  |TAMS 0x000000070e900000, 0x000000070e900000| Untracked 
| 222|0x000000070ea00000, 0x000000070ea00000, 0x000000070eb00000|  0%| F|  |TAMS 0x000000070ea00000, 0x000000070ea00000| Untracked 
| 223|0x000000070eb00000, 0x000000070eb00000, 0x000000070ec00000|  0%| F|  |TAMS 0x000000070eb00000, 0x000000070eb00000| Untracked 
| 224|0x000000070ec00000, 0x000000070ec00000, 0x000000070ed00000|  0%| F|  |TAMS 0x000000070ec00000, 0x000000070ec00000| Untracked 
| 225|0x000000070ed00000, 0x000000070ed00000, 0x000000070ee00000|  0%| F|  |TAMS 0x000000070ed00000, 0x000000070ed00000| Untracked 
| 226|0x000000070ee00000, 0x000000070ee00000, 0x000000070ef00000|  0%| F|  |TAMS 0x000000070ee00000, 0x000000070ee00000| Untracked 
| 227|0x000000070ef00000, 0x000000070ef00000, 0x000000070f000000|  0%| F|  |TAMS 0x000000070ef00000, 0x000000070ef00000| Untracked 
| 228|0x000000070f000000, 0x000000070f000000, 0x000000070f100000|  0%| F|  |TAMS 0x000000070f000000, 0x000000070f000000| Untracked 
| 229|0x000000070f100000, 0x000000070f100000, 0x000000070f200000|  0%| F|  |TAMS 0x000000070f100000, 0x000000070f100000| Untracked 
| 230|0x000000070f200000, 0x000000070f200000, 0x000000070f300000|  0%| F|  |TAMS 0x000000070f200000, 0x000000070f200000| Untracked 
| 231|0x000000070f300000, 0x000000070f300000, 0x000000070f400000|  0%| F|  |TAMS 0x000000070f300000, 0x000000070f300000| Untracked 
| 232|0x000000070f400000, 0x000000070f400000, 0x000000070f500000|  0%| F|  |TAMS 0x000000070f400000, 0x000000070f400000| Untracked 
| 233|0x000000070f500000, 0x000000070f500000, 0x000000070f600000|  0%| F|  |TAMS 0x000000070f500000, 0x000000070f500000| Untracked 
| 234|0x000000070f600000, 0x000000070f600000, 0x000000070f700000|  0%| F|  |TAMS 0x000000070f600000, 0x000000070f600000| Untracked 
| 235|0x000000070f700000, 0x000000070f700000, 0x000000070f800000|  0%| F|  |TAMS 0x000000070f700000, 0x000000070f700000| Untracked 
| 236|0x000000070f800000, 0x000000070f800000, 0x000000070f900000|  0%| F|  |TAMS 0x000000070f800000, 0x000000070f800000| Untracked 
| 237|0x000000070f900000, 0x000000070f97b640, 0x000000070fa00000| 48%| E|  |TAMS 0x000000070f900000, 0x000000070f900000| Complete 
| 238|0x000000070fa00000, 0x000000070fb00000, 0x000000070fb00000|100%| E|CS|TAMS 0x000000070fa00000, 0x000000070fa00000| Complete 
| 239|0x000000070fb00000, 0x000000070fc00000, 0x000000070fc00000|100%| E|CS|TAMS 0x000000070fb00000, 0x000000070fb00000| Complete 
| 240|0x000000070fc00000, 0x000000070fd00000, 0x000000070fd00000|100%| E|CS|TAMS 0x000000070fc00000, 0x000000070fc00000| Complete 
| 241|0x000000070fd00000, 0x000000070fe00000, 0x000000070fe00000|100%| E|CS|TAMS 0x000000070fd00000, 0x000000070fd00000| Complete 
| 242|0x000000070fe00000, 0x000000070ff00000, 0x000000070ff00000|100%| E|CS|TAMS 0x000000070fe00000, 0x000000070fe00000| Complete 
| 243|0x000000070ff00000, 0x0000000710000000, 0x0000000710000000|100%| E|CS|TAMS 0x000000070ff00000, 0x000000070ff00000| Complete 
| 244|0x0000000710000000, 0x0000000710100000, 0x0000000710100000|100%| E|CS|TAMS 0x0000000710000000, 0x0000000710000000| Complete 
| 245|0x0000000710100000, 0x0000000710200000, 0x0000000710200000|100%| E|CS|TAMS 0x0000000710100000, 0x0000000710100000| Complete 
| 246|0x0000000710200000, 0x0000000710300000, 0x0000000710300000|100%| E|CS|TAMS 0x0000000710200000, 0x0000000710200000| Complete 
| 247|0x0000000710300000, 0x0000000710400000, 0x0000000710400000|100%| E|CS|TAMS 0x0000000710300000, 0x0000000710300000| Complete 
| 248|0x0000000710400000, 0x0000000710500000, 0x0000000710500000|100%| E|CS|TAMS 0x0000000710400000, 0x0000000710400000| Complete 
| 249|0x0000000710500000, 0x0000000710600000, 0x0000000710600000|100%| E|  |TAMS 0x0000000710500000, 0x0000000710500000| Complete 
| 250|0x0000000710600000, 0x0000000710700000, 0x0000000710700000|100%| E|CS|TAMS 0x0000000710600000, 0x0000000710600000| Complete 
| 251|0x0000000710700000, 0x0000000710800000, 0x0000000710800000|100%| E|CS|TAMS 0x0000000710700000, 0x0000000710700000| Complete 
| 252|0x0000000710800000, 0x0000000710900000, 0x0000000710900000|100%| E|CS|TAMS 0x0000000710800000, 0x0000000710800000| Complete 
| 253|0x0000000710900000, 0x0000000710a00000, 0x0000000710a00000|100%| E|CS|TAMS 0x0000000710900000, 0x0000000710900000| Complete 
| 254|0x0000000710a00000, 0x0000000710b00000, 0x0000000710b00000|100%| E|CS|TAMS 0x0000000710a00000, 0x0000000710a00000| Complete 
| 255|0x0000000710b00000, 0x0000000710c00000, 0x0000000710c00000|100%| E|CS|TAMS 0x0000000710b00000, 0x0000000710b00000| Complete 

Card table byte_map: [0x000001e5f45d0000,0x000001e5f4dd0000] _byte_map_base: 0x000001e5f0dca000

Marking Bits (Prev, Next): (CMBitMap*) 0x000001e5efdd0e08, (CMBitMap*) 0x000001e5efdd0e40
 Prev Bits: [0x000001e5f55d0000, 0x000001e5f95a0000)
 Next Bits: [0x000001e5f95a0000, 0x000001e5fd570000)

Polling page: 0x000001e5eda60000

Metaspace:

Usage:
  Non-class:      9.41 MB capacity,     9.24 MB ( 98%) used,   163.30 KB (  2%) free+waste,    13.63 KB ( <1%) overhead. 
      Class:    960.00 KB capacity,   862.05 KB ( 90%) used,    91.51 KB ( 10%) free+waste,     6.44 KB ( <1%) overhead. 
       Both:     10.35 MB capacity,    10.08 MB ( 97%) used,   254.80 KB (  2%) free+waste,    20.06 KB ( <1%) overhead. 

Virtual space:
  Non-class space:       10.00 MB reserved,       9.50 MB ( 95%) committed 
      Class space:        1.00 GB reserved,       1.00 MB ( <1%) committed 
             Both:        1.01 GB reserved,      10.50 MB (  1%) committed 

Chunk freelists:
   Non-Class:  29.00 KB
       Class:  0 bytes
        Both:  29.00 KB

MaxMetaspaceSize: 17179869184.00 GB
CompressedClassSpaceSize: 1.00 GB
Initial GC threshold: 20.80 MB
Current GC threshold: 20.80 MB
CDS: off

CodeHeap 'non-profiled nmethods': size=120000Kb used=319Kb max_used=319Kb free=119680Kb
 bounds [0x000001e587ad0000, 0x000001e587d40000, 0x000001e58f000000]
CodeHeap 'profiled nmethods': size=120000Kb used=1493Kb max_used=1493Kb free=118506Kb
 bounds [0x000001e5805a0000, 0x000001e580810000, 0x000001e587ad0000]
CodeHeap 'non-nmethods': size=5760Kb used=1547Kb max_used=1566Kb free=4212Kb
 bounds [0x000001e580000000, 0x000001e580270000, 0x000001e5805a0000]
 total_blobs=1740 nmethods=815 adapters=838
 compilation: enabled
              stopped_count=0, restarted_count=0
 full_count=0

Compilation events (20 events):
Event: 0.698 Thread 0x000001e591214000 nmethod 799 0x000001e587b19410 code [0x000001e587b195c0, 0x000001e587b19b38]
Event: 0.698 Thread 0x000001e591214000  803       4       java.util.jar.JarFile::getEntry (22 bytes)
Event: 0.698 Thread 0x000001e58fd28000  807   !   3       java.util.zip.Inflater::setInput (69 bytes)
Event: 0.698 Thread 0x000001e58fd28000 nmethod 807 0x000001e580712110 code [0x000001e5807122e0, 0x000001e580712788]
Event: 0.698 Thread 0x000001e58fd28000  808       3       java.util.zip.ZipFile$ZipFileInflaterInputStream::fill (80 bytes)
Event: 0.699 Thread 0x000001e58fd28000 nmethod 808 0x000001e580712910 code [0x000001e580712b00, 0x000001e580712e88]
Event: 0.699 Thread 0x000001e58fd28000  809       3       java.io.FilterInputStream::read (9 bytes)
Event: 0.699 Thread 0x000001e58fd28000 nmethod 809 0x000001e580713010 code [0x000001e5807131c0, 0x000001e580713388]
Event: 0.699 Thread 0x000001e58fd28000  810       3       java.io.FilterInputStream::read (11 bytes)
Event: 0.699 Thread 0x000001e58fd24000 nmethod 802 0x000001e587b19d90 code [0x000001e587b19f60, 0x000001e587b1a7c8]
Event: 0.699 Thread 0x000001e58fd24000  806   !   4       jdk.internal.loader.URLClassPath$JarLoader::getResource (65 bytes)
Event: 0.699 Thread 0x000001e58fd28000 nmethod 810 0x000001e580713490 code [0x000001e580713640, 0x000001e580713808]
Event: 0.701 Thread 0x000001e58fd28000  811       3       sun.nio.ch.FileChannelImpl::ensureOpen (16 bytes)
Event: 0.701 Thread 0x000001e58fd28000 nmethod 811 0x000001e580713910 code [0x000001e580713ae0, 0x000001e580713d48]
Event: 0.701 Thread 0x000001e58fd28000  812   !   3       sun.nio.ch.NativeThreadSet::add (155 bytes)
Event: 0.702 Thread 0x000001e58fd28000 nmethod 812 0x000001e580713e90 code [0x000001e580714080, 0x000001e580714768]
Event: 0.702 Thread 0x000001e58fd28000  813   !   3       sun.nio.ch.NativeThreadSet::remove (50 bytes)
Event: 0.702 Thread 0x000001e58fd28000 nmethod 813 0x000001e580714a10 code [0x000001e580714be0, 0x000001e580714f88]
Event: 0.702 Thread 0x000001e58fd28000  814       3       sun.nio.ch.FileChannelImpl::beginBlocking (12 bytes)
Event: 0.702 Thread 0x000001e58fd28000 nmethod 814 0x000001e580715110 code [0x000001e5807152c0, 0x000001e580715428]

GC Heap History (0 events):
No events

Deoptimization events (20 events):
Event: 0.388 Thread 0x000001e5efd6e000 DEOPT PACKING pc=0x000001e587ad1414 sp=0x00000028438fc320
Event: 0.388 Thread 0x000001e5efd6e000 DEOPT UNPACKING pc=0x000001e58004a1af sp=0x00000028438fc260 mode 2
Event: 0.411 Thread 0x000001e5efd6e000 Uncommon trap: trap_request=0xffffffde fr.pc=0x000001e587aeda54 relative=0x00000000000003f4
Event: 0.411 Thread 0x000001e5efd6e000 Uncommon trap: reason=class_check action=maybe_recompile pc=0x000001e587aeda54 method=java.util.HashMap.getNode(ILjava/lang/Object;)Ljava/util/HashMap$Node; @ 59 c2
Event: 0.411 Thread 0x000001e5efd6e000 DEOPT PACKING pc=0x000001e587aeda54 sp=0x00000028438fc030
Event: 0.411 Thread 0x000001e5efd6e000 DEOPT UNPACKING pc=0x000001e58004a1af sp=0x00000028438fbfa8 mode 2
Event: 0.414 Thread 0x000001e5efd6e000 DEOPT PACKING pc=0x000001e5805bcdff sp=0x00000028438fb800
Event: 0.414 Thread 0x000001e5efd6e000 DEOPT UNPACKING pc=0x000001e58004a95e sp=0x00000028438fac50 mode 0
Event: 0.429 Thread 0x000001e5efd6e000 Uncommon trap: trap_request=0xffffffde fr.pc=0x000001e587aedae0 relative=0x0000000000000480
Event: 0.429 Thread 0x000001e5efd6e000 Uncommon trap: reason=class_check action=maybe_recompile pc=0x000001e587aedae0 method=java.util.HashMap.getNode(ILjava/lang/Object;)Ljava/util/HashMap$Node; @ 126 c2
Event: 0.429 Thread 0x000001e5efd6e000 DEOPT PACKING pc=0x000001e587aedae0 sp=0x00000028438fde40
Event: 0.429 Thread 0x000001e5efd6e000 DEOPT UNPACKING pc=0x000001e58004a1af sp=0x00000028438fddb8 mode 2
Event: 0.657 Thread 0x000001e5efd6e000 Uncommon trap: trap_request=0xffffff5c fr.pc=0x000001e587b12e00 relative=0x0000000000000060
Event: 0.657 Thread 0x000001e5efd6e000 Uncommon trap: reason=speculate_null_assert action=make_not_entrant pc=0x000001e587b12e00 method=sun.misc.Unsafe.putLong(Ljava/lang/Object;JJ)V @ 7 c2
Event: 0.657 Thread 0x000001e5efd6e000 DEOPT PACKING pc=0x000001e587b12e00 sp=0x00000028438ff040
Event: 0.657 Thread 0x000001e5efd6e000 DEOPT UNPACKING pc=0x000001e58004a1af sp=0x00000028438fefb8 mode 2
Event: 0.687 Thread 0x000001e5efd6e000 Uncommon trap: trap_request=0xffffff5c fr.pc=0x000001e587b14d78 relative=0x0000000000000058
Event: 0.687 Thread 0x000001e5efd6e000 Uncommon trap: reason=speculate_null_assert action=make_not_entrant pc=0x000001e587b14d78 method=sun.misc.Unsafe.getLong(Ljava/lang/Object;J)J @ 5 c2
Event: 0.687 Thread 0x000001e5efd6e000 DEOPT PACKING pc=0x000001e587b14d78 sp=0x00000028438ff040
Event: 0.687 Thread 0x000001e5efd6e000 DEOPT UNPACKING pc=0x000001e58004a1af sp=0x00000028438fefc8 mode 2

Classes redefined (0 events):
No events

Internal exceptions (20 events):
Event: 0.346 Thread 0x000001e5efd6e000 Exception <a 'java/lang/NoSuchMethodError'{0x0000000710092468}: 'int java.lang.invoke.DirectMethodHandle$Holder.invokeSpecialIFC(java.lang.Object, java.lang.Object, int)'> (0x0000000710092468) thrown at [./src/hotspot/share/interpreter/linkResolver.cpp, line 773]
Event: 0.371 Thread 0x000001e5efd6e000 Exception <a 'sun/nio/fs/WindowsException'{0x00000007100e3958}> (0x00000007100e3958) thrown at [./src/hotspot/share/prims/jni.cpp, line 615]
Event: 0.371 Thread 0x000001e5efd6e000 Exception <a 'sun/nio/fs/WindowsException'{0x00000007100e3c20}> (0x00000007100e3c20) thrown at [./src/hotspot/share/prims/jni.cpp, line 615]
Event: 0.396 Thread 0x000001e5efd6e000 Exception <a 'java/lang/NoSuchMethodError'{0x000000070ff86d88}: 'int java.lang.invoke.DirectMethodHandle$Holder.invokeStaticInit(java.lang.Object, java.lang.Object, int, long)'> (0x000000070ff86d88) thrown at [./src/hotspot/share/interpreter/linkResolver.cpp, line 773]
Event: 0.396 Thread 0x000001e5efd6e000 Exception <a 'java/lang/NoSuchMethodError'{0x000000070ff8bf30}: 'java.lang.Object java.lang.invoke.Invokers$Holder.linkToTargetMethod(java.lang.Object, int, java.lang.Object)'> (0x000000070ff8bf30) thrown at [./src/hotspot/share/interpreter/linkResolver.cpp, line 773]
Event: 0.398 Thread 0x000001e5efd6e000 Exception <a 'java/lang/NoSuchMethodError'{0x000000070ff992b8}: 'int java.lang.invoke.DirectMethodHandle$Holder.invokeStaticInit(java.lang.Object, java.lang.Object, long, long)'> (0x000000070ff992b8) thrown at [./src/hotspot/share/interpreter/linkResolver.cpp, line 773]
Event: 0.399 Thread 0x000001e5efd6e000 Exception <a 'java/lang/NoSuchMethodError'{0x000000070ffa4a18}: 'java.lang.Object java.lang.invoke.Invokers$Holder.linkToTargetMethod(java.lang.Object, long, java.lang.Object)'> (0x000000070ffa4a18) thrown at [./src/hotspot/share/interpreter/linkResolver.cpp, line 773]
Event: 0.399 Thread 0x000001e5efd6e000 Exception <a 'java/lang/NoSuchMethodError'{0x000000070ffaad50}: 'int java.lang.invoke.DirectMethodHandle$Holder.invokeStaticInit(java.lang.Object, java.lang.Object, java.lang.Object, long)'> (0x000000070ffaad50) thrown at [./src/hotspot/share/interpreter/linkResolver.cpp, line 773]
Event: 0.414 Thread 0x000001e5efd6e000 Exception <a 'sun/nio/fs/WindowsException'{0x000000070fe2a530}> (0x000000070fe2a530) thrown at [./src/hotspot/share/prims/jni.cpp, line 615]
Event: 0.414 Thread 0x000001e5efd6e000 Exception <a 'sun/nio/fs/WindowsException'{0x000000070fe2a5b0}> (0x000000070fe2a5b0) thrown at [./src/hotspot/share/prims/jni.cpp, line 615]
Event: 0.432 Thread 0x000001e5efd6e000 Exception <a 'sun/nio/fs/WindowsException'{0x000000070fef0890}> (0x000000070fef0890) thrown at [./src/hotspot/share/prims/jni.cpp, line 615]
Event: 0.432 Thread 0x000001e5efd6e000 Exception <a 'sun/nio/fs/WindowsException'{0x000000070fef0910}> (0x000000070fef0910) thrown at [./src/hotspot/share/prims/jni.cpp, line 615]
Event: 0.645 Thread 0x000001e5efd6e000 Exception <a 'sun/nio/fs/WindowsException'{0x000000070fc0b558}> (0x000000070fc0b558) thrown at [./src/hotspot/share/prims/jni.cpp, line 615]
Event: 0.645 Thread 0x000001e5efd6e000 Exception <a 'sun/nio/fs/WindowsException'{0x000000070fc0b5d8}> (0x000000070fc0b5d8) thrown at [./src/hotspot/share/prims/jni.cpp, line 615]
Event: 0.649 Thread 0x000001e5efd6e000 Exception <a 'sun/nio/fs/WindowsException'{0x000000070fc5a7d8}> (0x000000070fc5a7d8) thrown at [./src/hotspot/share/prims/jni.cpp, line 615]
Event: 0.649 Thread 0x000001e5efd6e000 Exception <a 'sun/nio/fs/WindowsException'{0x000000070fc5a858}> (0x000000070fc5a858) thrown at [./src/hotspot/share/prims/jni.cpp, line 615]
Event: 0.655 Thread 0x000001e5efd6e000 Exception <a 'sun/nio/fs/WindowsException'{0x000000070fcde7a0}> (0x000000070fcde7a0) thrown at [./src/hotspot/share/prims/jni.cpp, line 615]
Event: 0.655 Thread 0x000001e5efd6e000 Exception <a 'sun/nio/fs/WindowsException'{0x000000070fcde820}> (0x000000070fcde820) thrown at [./src/hotspot/share/prims/jni.cpp, line 615]
Event: 0.702 Thread 0x000001e5efd6e000 Exception <a 'sun/nio/fs/WindowsException'{0x000000070f9196a0}> (0x000000070f9196a0) thrown at [./src/hotspot/share/prims/jni.cpp, line 615]
Event: 0.702 Thread 0x000001e5efd6e000 Exception <a 'sun/nio/fs/WindowsException'{0x000000070f919720}> (0x000000070f919720) thrown at [./src/hotspot/share/prims/jni.cpp, line 615]

Events (20 events):
Event: 0.686 loading class org/lwjgl/system/libc/LibCString done
Event: 0.686 loading class org/lwjgl/system/MultiReleaseTextDecoding
Event: 0.686 loading class org/lwjgl/system/MultiReleaseTextDecoding done
Event: 0.689 loading class com/bura/common/util/Matrix4f
Event: 0.689 loading class com/bura/common/util/Matrix4f done
Event: 0.690 loading class com/bura/desktop/util/LwjglTextureUtil
Event: 0.690 loading class com/bura/desktop/util/LwjglTextureUtil done
Event: 0.691 loading class com/bura/common/util/TextureUtil
Event: 0.691 loading class com/bura/common/util/TextureUtil done
Event: 0.692 loading class com/bura/common/objects/Triangle
Event: 0.692 loading class com/bura/common/objects/Triangle done
Event: 0.693 loading class com/bura/common/util/TextureUtil$Companion
Event: 0.693 loading class com/bura/common/util/TextureUtil$Companion done
Event: 0.695 loading class org/lwjgl/stb/STBImage
Event: 0.695 loading class org/lwjgl/stb/STBImage done
Event: 0.696 loading class org/lwjgl/stb/LibSTB
Event: 0.696 loading class org/lwjgl/stb/LibSTB done
Event: 0.703 Loaded shared library C:\Users\viktor\AppData\Local\Temp\lwjglviktor\3.3.1-build-7\lwjgl_stb.dll
Event: 0.704 loading class org/lwjgl/opengles/GLES$ICDStatic$WriteOnce
Event: 0.704 loading class org/lwjgl/opengles/GLES$ICDStatic$WriteOnce done


Dynamic libraries:
0x00007ff61b0c0000 - 0x00007ff61b0ca000 	C:\Program Files\Android\Android Studio\jre\bin\java.exe
0x00007ffc2c6f0000 - 0x00007ffc2c8e8000 	C:\Windows\SYSTEM32\ntdll.dll
0x00007ffc2bcd0000 - 0x00007ffc2bd8f000 	C:\Windows\System32\KERNEL32.DLL
0x00007ffc2a360000 - 0x00007ffc2a632000 	C:\Windows\System32\KERNELBASE.dll
0x00007ffc2a260000 - 0x00007ffc2a360000 	C:\Windows\System32\ucrtbase.dll
0x00007ffbff6f0000 - 0x00007ffbff709000 	C:\Program Files\Android\Android Studio\jre\bin\jli.dll
0x00007ffbff640000 - 0x00007ffbff657000 	C:\Program Files\Android\Android Studio\jre\bin\VCRUNTIME140.dll
0x00007ffc2c120000 - 0x00007ffc2c2bd000 	C:\Windows\System32\USER32.dll
0x00007ffc1d2f0000 - 0x00007ffc1d58a000 	C:\Windows\WinSxS\amd64_microsoft.windows.common-controls_6595b64144ccf1df_6.0.19041.1110_none_60b5254171f9507e\COMCTL32.dll
0x00007ffc2a1e0000 - 0x00007ffc2a202000 	C:\Windows\System32\win32u.dll
0x00007ffc2c610000 - 0x00007ffc2c6ae000 	C:\Windows\System32\msvcrt.dll
0x00007ffc2b680000 - 0x00007ffc2b6ab000 	C:\Windows\System32\GDI32.dll
0x00007ffc29df0000 - 0x00007ffc29eff000 	C:\Windows\System32\gdi32full.dll
0x00007ffc29f00000 - 0x00007ffc29f9d000 	C:\Windows\System32\msvcp_win.dll
0x00007ffc2b300000 - 0x00007ffc2b332000 	C:\Windows\System32\IMM32.DLL
0x00007ffbf6e90000 - 0x00007ffbf6f2d000 	C:\Program Files\Android\Android Studio\jre\bin\msvcp140.dll
0x00007ffbe3880000 - 0x00007ffbe4365000 	C:\Program Files\Android\Android Studio\jre\bin\server\jvm.dll
0x00007ffc2c450000 - 0x00007ffc2c4fe000 	C:\Windows\System32\ADVAPI32.dll
0x00007ffc2a750000 - 0x00007ffc2a7ec000 	C:\Windows\System32\sechost.dll
0x00007ffc2c2c0000 - 0x00007ffc2c3e5000 	C:\Windows\System32\RPCRT4.dll
0x00007ffc2a740000 - 0x00007ffc2a748000 	C:\Windows\System32\PSAPI.DLL
0x00007ffc21dd0000 - 0x00007ffc21dd9000 	C:\Windows\SYSTEM32\WSOCK32.dll
0x00007ffc23d50000 - 0x00007ffc23d5a000 	C:\Windows\SYSTEM32\VERSION.dll
0x00007ffc20010000 - 0x00007ffc20037000 	C:\Windows\SYSTEM32\WINMM.dll
0x00007ffc2c050000 - 0x00007ffc2c0bb000 	C:\Windows\System32\WS2_32.dll
0x00007ffc27c90000 - 0x00007ffc27ca2000 	C:\Windows\SYSTEM32\kernel.appcore.dll
0x00007ffc20770000 - 0x00007ffc20781000 	C:\Program Files\Android\Android Studio\jre\bin\verify.dll
0x00007ffc1e660000 - 0x00007ffc1e844000 	C:\Windows\SYSTEM32\DBGHELP.DLL
0x00007ffc13ee0000 - 0x00007ffc13f0c000 	C:\Windows\SYSTEM32\dbgcore.DLL
0x00007ffc2a6b0000 - 0x00007ffc2a732000 	C:\Windows\System32\bcryptPrimitives.dll
0x00007ffc1bbb0000 - 0x00007ffc1bbd9000 	C:\Program Files\Android\Android Studio\jre\bin\java.dll
0x00007ffc1f280000 - 0x00007ffc1f28b000 	C:\Program Files\Android\Android Studio\jre\bin\jimage.dll
0x00007ffc09ce0000 - 0x00007ffc09cef000 	C:\Program Files\Android\Android Studio\jre\bin\instrument.dll
0x00007ffc1bb90000 - 0x00007ffc1bba8000 	C:\Program Files\Android\Android Studio\jre\bin\zip.dll
0x00007ffc2abb0000 - 0x00007ffc2b2f3000 	C:\Windows\System32\SHELL32.dll
0x00007ffc27e90000 - 0x00007ffc28622000 	C:\Windows\SYSTEM32\windows.storage.dll
0x00007ffc2a7f0000 - 0x00007ffc2ab44000 	C:\Windows\System32\combase.dll
0x00007ffc29770000 - 0x00007ffc297a0000 	C:\Windows\SYSTEM32\Wldp.dll
0x00007ffc2bf90000 - 0x00007ffc2c03d000 	C:\Windows\System32\SHCORE.dll
0x00007ffc2ab50000 - 0x00007ffc2aba5000 	C:\Windows\System32\shlwapi.dll
0x00007ffc29d30000 - 0x00007ffc29d4f000 	C:\Windows\SYSTEM32\profapi.dll
0x00007ffc1bb70000 - 0x00007ffc1bb8a000 	C:\Program Files\Android\Android Studio\jre\bin\net.dll
0x00007ffc20650000 - 0x00007ffc2075c000 	C:\Windows\SYSTEM32\WINHTTP.dll
0x00007ffc294e0000 - 0x00007ffc2954a000 	C:\Windows\system32\mswsock.dll
0x00007ffc09d10000 - 0x00007ffc09d24000 	C:\Program Files\Android\Android Studio\jre\bin\nio.dll
0x00007ffc00870000 - 0x00007ffc0088a000 	C:\Program Files\Android\Android Studio\bin\breakgen64.dll
0x00007ffbe5760000 - 0x00007ffbe57d5000 	C:\Users\viktor\AppData\Local\Temp\lwjglviktor\3.3.1-build-7\lwjgl.dll
0x00007ffbe1120000 - 0x00007ffbe1379000 	C:\Users\viktor\AppData\Local\Temp\lwjglviktor\3.3.1-build-7\jemalloc.dll
0x00007ffbe56f0000 - 0x00007ffbe5751000 	C:\Users\viktor\AppData\Local\Temp\lwjglviktor\3.3.1-build-7\glfw.dll
0x00007ffbe56a0000 - 0x00007ffbe56e5000 	C:\Windows\SYSTEM32\dinput8.dll
0x00007ffbf7a30000 - 0x00007ffbf7a41000 	C:\Windows\SYSTEM32\xinput1_4.dll
0x00007ffc2a210000 - 0x00007ffc2a25e000 	C:\Windows\System32\cfgmgr32.dll
0x00007ffc29ba0000 - 0x00007ffc29bcc000 	C:\Windows\SYSTEM32\DEVOBJ.dll
0x00007ffc279a0000 - 0x00007ffc279cf000 	C:\Windows\SYSTEM32\dwmapi.dll
0x00007ffc1f090000 - 0x00007ffc1f1e2000 	C:\Windows\SYSTEM32\inputhost.dll
0x00007ffc2bd90000 - 0x00007ffc2be5d000 	C:\Windows\System32\OLEAUT32.dll
0x00007ffc272c0000 - 0x00007ffc273b2000 	C:\Windows\SYSTEM32\CoreMessaging.dll
0x00007ffc25c00000 - 0x00007ffc25d54000 	C:\Windows\SYSTEM32\wintypes.dll
0x00007ffc25930000 - 0x00007ffc25a26000 	C:\Windows\SYSTEM32\PROPSYS.dll
0x00007ffc26f60000 - 0x00007ffc272be000 	C:\Windows\SYSTEM32\CoreUIComponents.dll
0x00007ffc28ed0000 - 0x00007ffc28f03000 	C:\Windows\SYSTEM32\ntmarta.dll
0x00007ffc277c0000 - 0x00007ffc2785e000 	C:\Windows\system32\uxtheme.dll
0x00007ffc2be60000 - 0x00007ffc2bf75000 	C:\Windows\System32\MSCTF.dll
0x00007ffc01660000 - 0x00007ffc01785000 	C:\Windows\SYSTEM32\opengl32.dll
0x00007ffc042b0000 - 0x00007ffc042dc000 	C:\Windows\SYSTEM32\GLU32.dll
0x00007ffc2b340000 - 0x00007ffc2b3ef000 	C:\Windows\System32\clbcatq.dll
0x00007ffbfabc0000 - 0x00007ffbfe37f000 	C:\Windows\System32\DriverStore\FileRepository\nv_dispig.inf_amd64_1b5e80ff87b1f5c8\nvoglv64.dll
0x00007ffc2b6b0000 - 0x00007ffc2bb18000 	C:\Windows\System32\SETUPAPI.dll
0x00007ffc29fa0000 - 0x00007ffc29fc7000 	C:\Windows\System32\bcrypt.dll
0x00007ffc2b410000 - 0x00007ffc2b53a000 	C:\Windows\System32\ole32.dll
0x00007ffc25a90000 - 0x00007ffc25aa4000 	C:\Windows\SYSTEM32\WTSAPI32.dll
0x00007ffc29670000 - 0x00007ffc2967c000 	C:\Windows\SYSTEM32\CRYPTBASE.DLL
0x00007ffc299e0000 - 0x00007ffc299f2000 	C:\Windows\SYSTEM32\msasn1.dll
0x00007ffc23ca0000 - 0x00007ffc23cd1000 	C:\Windows\SYSTEM32\cryptnet.dll
0x00007ffc29fd0000 - 0x00007ffc2a126000 	C:\Windows\System32\CRYPT32.dll
0x00007ffc23900000 - 0x00007ffc23a48000 	C:\Windows\SYSTEM32\drvstore.dll
0x00007ffc2a640000 - 0x00007ffc2a6aa000 	C:\Windows\System32\WINTRUST.dll
0x00007ffc217f0000 - 0x00007ffc2182b000 	C:\Windows\SYSTEM32\dxcore.dll
0x00007ffc29720000 - 0x00007ffc2976b000 	C:\Windows\SYSTEM32\powrprof.dll
0x00007ffc29700000 - 0x00007ffc29712000 	C:\Windows\SYSTEM32\UMPDC.dll
0x00007ffc293e0000 - 0x00007ffc29444000 	C:\Windows\SYSTEM32\WINSTA.dll
0x00007ffc1f850000 - 0x00007ffc1f949000 	C:\Windows\SYSTEM32\textinputframework.dll
0x00007ffbe5640000 - 0x00007ffbe569d000 	C:\Users\viktor\AppData\Local\Temp\lwjglviktor\3.3.1-build-7\lwjgl_opengl.dll
0x00007ffbe7e20000 - 0x00007ffbe7e59000 	C:\Users\viktor\AppData\Local\Temp\lwjglviktor\3.3.1-build-7\lwjgl_opengles.dll
0x00007ffbe4800000 - 0x00007ffbe4881000 	C:\Users\viktor\AppData\Local\Temp\lwjglviktor\3.3.1-build-7\lwjgl_stb.dll

dbghelp: loaded successfully - version: 4.0.5 - missing functions: none
symbol engine: initialized successfully - sym options: 0x614 - pdb path: .;C:\Program Files\Android\Android Studio\jre\bin;C:\Windows\SYSTEM32;C:\Windows\WinSxS\amd64_microsoft.windows.common-controls_6595b64144ccf1df_6.0.19041.1110_none_60b5254171f9507e;C:\Program Files\Android\Android Studio\jre\bin\server;C:\Program Files\Android\Android Studio\bin;C:\Users\viktor\AppData\Local\Temp\lwjglviktor\3.3.1-build-7;C:\Windows\System32\DriverStore\FileRepository\nv_dispig.inf_amd64_1b5e80ff87b1f5c8

VM Arguments:
jvm_args: -javaagent:C:\Program Files\Android\Android Studio\lib\idea_rt.jar=62214:C:\Program Files\Android\Android Studio\bin -Dfile.encoding=UTF-8 
java_command: com.bura.desktop.MainKt
java_class_path (initial): D:\android\OpenGLES\desktop\build\classes\kotlin\main;D:\android\OpenGLES\desktop\build\resources\main;D:\android\OpenGLES\desktop\libs\lwjgl.jar;D:\android\OpenGLES\desktop\libs\lwjgl-assimp.jar;D:\android\OpenGLES\desktop\libs\lwjgl-assimp-javadoc.jar;D:\android\OpenGLES\desktop\libs\lwjgl-assimp-natives-windows.jar;D:\android\OpenGLES\desktop\libs\lwjgl-assimp-sources.jar;D:\android\OpenGLES\desktop\libs\lwjgl-bgfx.jar;D:\android\OpenGLES\desktop\libs\lwjgl-bgfx-javadoc.jar;D:\android\OpenGLES\desktop\libs\lwjgl-bgfx-natives-windows.jar;D:\android\OpenGLES\desktop\libs\lwjgl-bgfx-sources.jar;D:\android\OpenGLES\desktop\libs\lwjgl-cuda.jar;D:\android\OpenGLES\desktop\libs\lwjgl-cuda-javadoc.jar;D:\android\OpenGLES\desktop\libs\lwjgl-cuda-sources.jar;D:\android\OpenGLES\desktop\libs\lwjgl-egl.jar;D:\android\OpenGLES\desktop\libs\lwjgl-egl-javadoc.jar;D:\android\OpenGLES\desktop\libs\lwjgl-egl-sources.jar;D:\android\OpenGLES\desktop\libs\lwjgl-glfw.jar;D:\android\OpenGLES\desktop\libs\lwjgl-glfw-javadoc.jar;D:\android\OpenGLES\desktop\libs\lwjgl-glfw-natives-windows.jar;D:\android\OpenGLES\desktop\libs\lwjgl-glfw-sources.jar;D:\android\OpenGLES\desktop\libs\lwjgl-javadoc.jar;D:\android\OpenGLES\desktop\libs\lwjgl-jawt.jar;D:\android\OpenGLES\desktop\libs\lwjgl-jawt-javadoc.jar;D:\android\OpenGLES\desktop\libs\lwjgl-jawt-sources.jar;D:\android\OpenGLES\desktop\libs\lwjgl-jemalloc.jar;D:\android\OpenGLES\desktop\libs\lwjgl-jemalloc-javadoc.jar;D:\android\OpenGLES\desktop\libs\lwjgl-jemalloc-natives-windows.jar;D:\android\OpenGLES\desktop\libs\lwjgl-jemalloc-sources.jar;D:\android\OpenGLES\desktop\libs\lwjgl-libdivide.jar;D:\android\OpenGLES\desktop\libs\lwjgl-libdivide-javadoc.jar;D:\android\OpenGLES\desktop\libs\lwjgl-libdivide-natives-windows.jar;D:\android\OpenGLES\desktop\libs\lwjgl-libdivide-sources.jar;D:\android\OpenGLES\desktop\libs\lwjgl-llvm.jar;D:\android\OpenGLES\desktop\libs\lwjgl-llvm-javadoc.jar;D:\android\OpenGLES\desktop\l
Launcher Type: SUN_STANDARD

[Global flags]
     intx CICompilerCount                          = 4                                         {product} {ergonomic}
     uint ConcGCThreads                            = 3                                         {product} {ergonomic}
     uint G1ConcRefinementThreads                  = 10                                        {product} {ergonomic}
   size_t G1HeapRegionSize                         = 1048576                                   {product} {ergonomic}
    uintx GCDrainStackTargetSize                   = 64                                        {product} {ergonomic}
   size_t InitialHeapSize                          = 268435456                                 {product} {ergonomic}
   size_t MarkStackSize                            = 4194304                                   {product} {ergonomic}
   size_t MaxHeapSize                              = 4282384384                                {product} {ergonomic}
   size_t MaxNewSize                               = 2569011200                                {product} {ergonomic}
   size_t MinHeapDeltaBytes                        = 1048576                                   {product} {ergonomic}
    uintx NonNMethodCodeHeapSize                   = 5836300                                {pd product} {ergonomic}
    uintx NonProfiledCodeHeapSize                  = 122910970                              {pd product} {ergonomic}
    uintx ProfiledCodeHeapSize                     = 122910970                              {pd product} {ergonomic}
    uintx ReservedCodeCacheSize                    = 251658240                              {pd product} {ergonomic}
     bool SegmentedCodeCache                       = true                                      {product} {ergonomic}
     bool UseCompressedClassPointers               = true                                 {lp64_product} {ergonomic}
     bool UseCompressedOops                        = true                                 {lp64_product} {ergonomic}
     bool UseG1GC                                  = true                                      {product} {ergonomic}
     bool UseLargePagesIndividualAllocation        = false                                  {pd product} {ergonomic}

Logging:
Log output configuration:
 #0: stdout all=warning uptime,level,tags
 #1: stderr all=off uptime,level,tags

Environment Variables:
JAVA_HOME=C:\Program Files\Eclipse Foundation\jdk-16.0.2.7-hotspot\
PATH=C:\Program Files\Eclipse Foundation\jdk-16.0.2.7-hotspot\bin;C:\Program Files\Common Files\Oracle\Java\javapath;C:\Program Files (x86)\Common Files\Oracle\Java\javapath;C:\Program Files (x86)\Embarcadero\Studio\20.0\bin;C:\Users\Public\Documents\Embarcadero\Studio\20.0\Bpl;C:\Program Files (x86)\Embarcadero\Studio\20.0\bin64;C:\Users\Public\Documents\Embarcadero\Studio\20.0\Bpl\Win64;C:\Windows\system32;C:\Windows;C:\Windows\System32\Wbem;C:\Windows\System32\WindowsPowerShell\v1.0\;C:\Windows\System32\OpenSSH\;C:\Program Files\Git\cmd;C:\Program Files (x86)\NVIDIA Corporation\PhysX\Common;C:\ffmpeg;;C:\Program Files\Docker\Docker\resources\bin;C:\ProgramData\DockerDesktop\version-bin;C:\Program Files (x86)\Yarn\bin\;C:\Users\viktor\AppData\Local\Programs\Python\Python39\Scripts\;C:\Users\viktor\AppData\Local\Programs\Python\Python39\;C:\Users\viktor\AppData\Local\Microsoft\WindowsApps;C:\Users\viktor\AppData\Local\Programs\Microsoft VS Code\bin;C:\Users\viktor\AppData\Local\Yarn\bin
USERNAME=viktor
OS=Windows_NT
PROCESSOR_IDENTIFIER=AMD64 Family 23 Model 8 Stepping 2, AuthenticAMD



---------------  S Y S T E M  ---------------

OS: Windows 10 , 64 bit Build 19041 (10.0.19041.2251)
OS uptime: 1 days 4:59 hours
Hyper-V role detected

CPU:total 12 (initial active 12) (12 cores per cpu, 2 threads per core) family 23 model 8 stepping 2 microcode 0x0, cmov, cx8, fxsr, mmx, sse, sse2, sse3, ssse3, sse4.1, sse4.2, popcnt, avx, avx2, aes, clmul, mmxext, 3dnowpref, lzcnt, sse4a, ht, tsc, tscinvbit, tscinv, bmi1, bmi2, adx, sha, fma

Memory: 4k page, system-wide physical 16332M (5949M free)
TotalPageFile size 20300M (AvailPageFile size 7484M)
current process WorkingSet (physical memory assigned to process): 111M, peak: 113M
current process commit charge ("private bytes"): 414M, peak: 416M

vm_info: OpenJDK 64-Bit Server VM (11.0.12+7-b1504.28-7817840) for windows-amd64 JRE (11.0.12+7-b1504.28-7817840), built on Oct 13 2021 22:12:33 by "builder" with MS VC++ 14.0 (VS2015)

END.
